[0.059s] Invoking command in '/home/v120506/rmitbot_v3/lesson4_ws/build/rmitbot_controller': CMAKE_PREFIX_PATH=${CMAKE_PREFIX_PATH}:/opt/ros/jazzy DEBUGINFOD_URLS=https://debuginfod.ubuntu.com /usr/bin/cmake --build /home/v120506/rmitbot_v3/lesson4_ws/build/rmitbot_controller -- -j8 -l8
[0.152s] Invoked command in '/home/v120506/rmitbot_v3/lesson4_ws/build/rmitbot_controller' returned '0': CMAKE_PREFIX_PATH=${CMAKE_PREFIX_PATH}:/opt/ros/jazzy DEBUGINFOD_URLS=https://debuginfod.ubuntu.com /usr/bin/cmake --build /home/v120506/rmitbot_v3/lesson4_ws/build/rmitbot_controller -- -j8 -l8
[0.176s] Invoking command in '/home/v120506/rmitbot_v3/lesson4_ws/build/rmitbot_controller': CMAKE_PREFIX_PATH=${CMAKE_PREFIX_PATH}:/opt/ros/jazzy DEBUGINFOD_URLS=https://debuginfod.ubuntu.com /usr/bin/cmake --install /home/v120506/rmitbot_v3/lesson4_ws/build/rmitbot_controller
[0.200s] -- Install configuration: ""
[0.201s] -- Up-to-date: /home/v120506/rmitbot_v3/lesson4_ws/install/rmitbot_controller/share/rmitbot_controller/launch
[0.203s] -- Up-to-date: /home/v120506/rmitbot_v3/lesson4_ws/install/rmitbot_controller/share/rmitbot_controller/launch/controller.launch.py
[0.203s] -- Up-to-date: /home/v120506/rmitbot_v3/lesson4_ws/install/rmitbot_controller/share/rmitbot_controller/launch/teleopkeyboard.launch.py
[0.203s] -- Up-to-date: /home/v120506/rmitbot_v3/lesson4_ws/install/rmitbot_controller/share/rmitbot_controller/config
[0.204s] -- Up-to-date: /home/v120506/rmitbot_v3/lesson4_ws/install/rmitbot_controller/share/rmitbot_controller/config/rmitbot_controller.yaml
[0.204s] -- Up-to-date: /home/v120506/rmitbot_v3/lesson4_ws/install/rmitbot_controller/share/ament_index/resource_index/package_run_dependencies/rmitbot_controller
[0.205s] -- Up-to-date: /home/v120506/rmitbot_v3/lesson4_ws/install/rmitbot_controller/share/ament_index/resource_index/parent_prefix_path/rmitbot_controller
[0.205s] -- Up-to-date: /home/v120506/rmitbot_v3/lesson4_ws/install/rmitbot_controller/share/rmitbot_controller/environment/ament_prefix_path.sh
[0.206s] -- Up-to-date: /home/v120506/rmitbot_v3/lesson4_ws/install/rmitbot_controller/share/rmitbot_controller/environment/ament_prefix_path.dsv
[0.206s] -- Up-to-date: /home/v120506/rmitbot_v3/lesson4_ws/install/rmitbot_controller/share/rmitbot_controller/environment/path.sh
[0.207s] -- Up-to-date: /home/v120506/rmitbot_v3/lesson4_ws/install/rmitbot_controller/share/rmitbot_controller/environment/path.dsv
[0.208s] -- Up-to-date: /home/v120506/rmitbot_v3/lesson4_ws/install/rmitbot_controller/share/rmitbot_controller/local_setup.bash
[0.212s] -- Up-to-date: /home/v120506/rmitbot_v3/lesson4_ws/install/rmitbot_controller/share/rmitbot_controller/local_setup.sh
[0.213s] -- Up-to-date: /home/v120506/rmitbot_v3/lesson4_ws/install/rmitbot_controller/share/rmitbot_controller/local_setup.zsh
[0.213s] -- Up-to-date: /home/v120506/rmitbot_v3/lesson4_ws/install/rmitbot_controller/share/rmitbot_controller/local_setup.dsv
[0.213s] -- Installing: /home/v120506/rmitbot_v3/lesson4_ws/install/rmitbot_controller/share/rmitbot_controller/package.dsv
[0.214s] -- Up-to-date: /home/v120506/rmitbot_v3/lesson4_ws/install/rmitbot_controller/share/ament_index/resource_index/packages/rmitbot_controller
[0.214s] -- Up-to-date: /home/v120506/rmitbot_v3/lesson4_ws/install/rmitbot_controller/share/rmitbot_controller/cmake/rmitbot_controllerConfig.cmake
[0.216s] -- Up-to-date: /home/v120506/rmitbot_v3/lesson4_ws/install/rmitbot_controller/share/rmitbot_controller/cmake/rmitbot_controllerConfig-version.cmake
[0.217s] -- Up-to-date: /home/v120506/rmitbot_v3/lesson4_ws/install/rmitbot_controller/share/rmitbot_controller/package.xml
[0.217s] Invoked command in '/home/v120506/rmitbot_v3/lesson4_ws/build/rmitbot_controller' returned '0': CMAKE_PREFIX_PATH=${CMAKE_PREFIX_PATH}:/opt/ros/jazzy DEBUGINFOD_URLS=https://debuginfod.ubuntu.com /usr/bin/cmake --install /home/v120506/rmitbot_v3/lesson4_ws/build/rmitbot_controller
