[0.069s] Invoking command in '/home/v120506/rmitbot_v3/lesson4_ws/build/rmitbot_bringup': CMAKE_PREFIX_PATH=${CMAKE_PREFIX_PATH}:/opt/ros/jazzy DEBUGINFOD_URLS=https://debuginfod.ubuntu.com /usr/bin/cmake --build /home/v120506/rmitbot_v3/lesson4_ws/build/rmitbot_bringup -- -j8 -l8
[0.170s] Invoked command in '/home/v120506/rmitbot_v3/lesson4_ws/build/rmitbot_bringup' returned '0': CMAKE_PREFIX_PATH=${CMAKE_PREFIX_PATH}:/opt/ros/jazzy DEBUGINFOD_URLS=https://debuginfod.ubuntu.com /usr/bin/cmake --build /home/v120506/rmitbot_v3/lesson4_ws/build/rmitbot_bringup -- -j8 -l8
[0.191s] Invoking command in '/home/v120506/rmitbot_v3/lesson4_ws/build/rmitbot_bringup': CMAKE_PREFIX_PATH=${CMAKE_PREFIX_PATH}:/opt/ros/jazzy DEBUGINFOD_URLS=https://debuginfod.ubuntu.com /usr/bin/cmake --install /home/v120506/rmitbot_v3/lesson4_ws/build/rmitbot_bringup
[0.214s] -- Install configuration: ""
[0.215s] -- Up-to-date: /home/v120506/rmitbot_v3/lesson4_ws/install/rmitbot_bringup/share/rmitbot_bringup/launch
[0.215s] -- Up-to-date: /home/v120506/rmitbot_v3/lesson4_ws/install/rmitbot_bringup/share/rmitbot_bringup/launch/rmitbot.launch.py
[0.215s] -- Up-to-date: /home/v120506/rmitbot_v3/lesson4_ws/install/rmitbot_bringup/share/ament_index/resource_index/package_run_dependencies/rmitbot_bringup
[0.215s] -- Up-to-date: /home/v120506/rmitbot_v3/lesson4_ws/install/rmitbot_bringup/share/ament_index/resource_index/parent_prefix_path/rmitbot_bringup
[0.217s] -- Up-to-date: /home/v120506/rmitbot_v3/lesson4_ws/install/rmitbot_bringup/share/rmitbot_bringup/environment/ament_prefix_path.sh
[0.217s] -- Up-to-date: /home/v120506/rmitbot_v3/lesson4_ws/install/rmitbot_bringup/share/rmitbot_bringup/environment/ament_prefix_path.dsv
[0.218s] -- Up-to-date: /home/v120506/rmitbot_v3/lesson4_ws/install/rmitbot_bringup/share/rmitbot_bringup/environment/path.sh
[0.218s] -- Up-to-date: /home/v120506/rmitbot_v3/lesson4_ws/install/rmitbot_bringup/share/rmitbot_bringup/environment/path.dsv
[0.218s] -- Up-to-date: /home/v120506/rmitbot_v3/lesson4_ws/install/rmitbot_bringup/share/rmitbot_bringup/local_setup.bash
[0.218s] -- Up-to-date: /home/v120506/rmitbot_v3/lesson4_ws/install/rmitbot_bringup/share/rmitbot_bringup/local_setup.sh
[0.219s] -- Up-to-date: /home/v120506/rmitbot_v3/lesson4_ws/install/rmitbot_bringup/share/rmitbot_bringup/local_setup.zsh
[0.219s] -- Up-to-date: /home/v120506/rmitbot_v3/lesson4_ws/install/rmitbot_bringup/share/rmitbot_bringup/local_setup.dsv
[0.219s] -- Installing: /home/v120506/rmitbot_v3/lesson4_ws/install/rmitbot_bringup/share/rmitbot_bringup/package.dsv
[0.220s] -- Up-to-date: /home/v120506/rmitbot_v3/lesson4_ws/install/rmitbot_bringup/share/ament_index/resource_index/packages/rmitbot_bringup
[0.220s] -- Up-to-date: /home/v120506/rmitbot_v3/lesson4_ws/install/rmitbot_bringup/share/rmitbot_bringup/cmake/rmitbot_bringupConfig.cmake
[0.220s] -- Up-to-date: /home/v120506/rmitbot_v3/lesson4_ws/install/rmitbot_bringup/share/rmitbot_bringup/cmake/rmitbot_bringupConfig-version.cmake
[0.221s] -- Up-to-date: /home/v120506/rmitbot_v3/lesson4_ws/install/rmitbot_bringup/share/rmitbot_bringup/package.xml
[0.222s] Invoked command in '/home/v120506/rmitbot_v3/lesson4_ws/build/rmitbot_bringup' returned '0': CMAKE_PREFIX_PATH=${CMAKE_PREFIX_PATH}:/opt/ros/jazzy DEBUGINFOD_URLS=https://debuginfod.ubuntu.com /usr/bin/cmake --install /home/v120506/rmitbot_v3/lesson4_ws/build/rmitbot_bringup
