[0.017s] Invoking command in '/home/v120506/rmitbot_v3/lesson4_ws/build/rmitbot_localization': CMAKE_PREFIX_PATH=${CMAKE_PREFIX_PATH}:/opt/ros/jazzy DEBUGINFOD_URLS=https://debuginfod.ubuntu.com /usr/bin/cmake /home/v120506/rmitbot_v3/lesson4_ws/src/rmitbot_localization -DCMAKE_INSTALL_PREFIX=/home/v120506/rmitbot_v3/lesson4_ws/install/rmitbot_localization
[0.175s] -- The C compiler identification is GNU 13.3.0
[0.360s] -- The CXX compiler identification is GNU 13.3.0
[0.386s] -- Detecting C compiler ABI info
[0.504s] -- Detecting C compiler ABI info - done
[0.521s] -- Check for working C compiler: /usr/bin/cc - skipped
[0.521s] -- Detecting C compile features
[0.521s] -- Detecting C compile features - done
[0.533s] -- Detecting CXX compiler ABI info
[0.656s] -- Detecting CXX compiler ABI info - done
[0.672s] -- Check for working CXX compiler: /usr/bin/c++ - skipped
[0.672s] -- Detecting CXX compile features
[0.673s] -- Detecting CXX compile features - done
[0.677s] -- Found ament_cmake: 2.5.4 (/opt/ros/jazzy/share/ament_cmake/cmake)
[0.864s] -- Found Python3: /usr/bin/python3 (found version "3.12.3") found components: Interpreter 
[1.013s] -- Found nav_msgs: 5.3.6 (/opt/ros/jazzy/share/nav_msgs/cmake)
[1.110s] -- Found rosidl_generator_c: 4.6.5 (/opt/ros/jazzy/share/rosidl_generator_c/cmake)
[1.147s] -- Found rosidl_generator_cpp: 4.6.5 (/opt/ros/jazzy/share/rosidl_generator_cpp/cmake)
[1.187s] -- Using all available rosidl_typesupport_c: rosidl_typesupport_fastrtps_c;rosidl_typesupport_introspection_c
[1.224s] -- Using all available rosidl_typesupport_cpp: rosidl_typesupport_fastrtps_cpp;rosidl_typesupport_introspection_cpp
[1.374s] -- Found sensor_msgs: 5.3.6 (/opt/ros/jazzy/share/sensor_msgs/cmake)
[1.519s] -- Configuring done (1.5s)
[1.523s] -- Generating done (0.0s)
[1.525s] -- Build files have been written to: /home/v120506/rmitbot_v3/lesson4_ws/build/rmitbot_localization
[1.533s] Invoked command in '/home/v120506/rmitbot_v3/lesson4_ws/build/rmitbot_localization' returned '0': CMAKE_PREFIX_PATH=${CMAKE_PREFIX_PATH}:/opt/ros/jazzy DEBUGINFOD_URLS=https://debuginfod.ubuntu.com /usr/bin/cmake /home/v120506/rmitbot_v3/lesson4_ws/src/rmitbot_localization -DCMAKE_INSTALL_PREFIX=/home/v120506/rmitbot_v3/lesson4_ws/install/rmitbot_localization
[1.535s] Invoking command in '/home/v120506/rmitbot_v3/lesson4_ws/build/rmitbot_localization': CMAKE_PREFIX_PATH=${CMAKE_PREFIX_PATH}:/opt/ros/jazzy DEBUGINFOD_URLS=https://debuginfod.ubuntu.com /usr/bin/cmake --build /home/v120506/rmitbot_v3/lesson4_ws/build/rmitbot_localization -- -j8 -l8
[1.606s] Invoked command in '/home/v120506/rmitbot_v3/lesson4_ws/build/rmitbot_localization' returned '0': CMAKE_PREFIX_PATH=${CMAKE_PREFIX_PATH}:/opt/ros/jazzy DEBUGINFOD_URLS=https://debuginfod.ubuntu.com /usr/bin/cmake --build /home/v120506/rmitbot_v3/lesson4_ws/build/rmitbot_localization -- -j8 -l8
[1.608s] Invoking command in '/home/v120506/rmitbot_v3/lesson4_ws/build/rmitbot_localization': CMAKE_PREFIX_PATH=${CMAKE_PREFIX_PATH}:/opt/ros/jazzy DEBUGINFOD_URLS=https://debuginfod.ubuntu.com /usr/bin/cmake --install /home/v120506/rmitbot_v3/lesson4_ws/build/rmitbot_localization
[1.624s] -- Install configuration: ""
[1.624s] -- Installing: /home/v120506/rmitbot_v3/lesson4_ws/install/rmitbot_localization/share/rmitbot_localization/launch
[1.624s] -- Installing: /home/v120506/rmitbot_v3/lesson4_ws/install/rmitbot_localization/share/rmitbot_localization/launch/localization.launch.py
[1.624s] -- Installing: /home/v120506/rmitbot_v3/lesson4_ws/install/rmitbot_localization/share/rmitbot_localization/config
[1.625s] -- Installing: /home/v120506/rmitbot_v3/lesson4_ws/install/rmitbot_localization/share/rmitbot_localization/config/ekf.yaml
[1.625s] -- Installing: /home/v120506/rmitbot_v3/lesson4_ws/install/rmitbot_localization/share/ament_index/resource_index/package_run_dependencies/rmitbot_localization
[1.625s] -- Installing: /home/v120506/rmitbot_v3/lesson4_ws/install/rmitbot_localization/share/ament_index/resource_index/parent_prefix_path/rmitbot_localization
[1.625s] -- Installing: /home/v120506/rmitbot_v3/lesson4_ws/install/rmitbot_localization/share/rmitbot_localization/environment/ament_prefix_path.sh
[1.626s] -- Installing: /home/v120506/rmitbot_v3/lesson4_ws/install/rmitbot_localization/share/rmitbot_localization/environment/ament_prefix_path.dsv
[1.626s] -- Installing: /home/v120506/rmitbot_v3/lesson4_ws/install/rmitbot_localization/share/rmitbot_localization/environment/path.sh
[1.626s] -- Installing: /home/v120506/rmitbot_v3/lesson4_ws/install/rmitbot_localization/share/rmitbot_localization/environment/path.dsv
[1.626s] -- Installing: /home/v120506/rmitbot_v3/lesson4_ws/install/rmitbot_localization/share/rmitbot_localization/local_setup.bash
[1.626s] -- Installing: /home/v120506/rmitbot_v3/lesson4_ws/install/rmitbot_localization/share/rmitbot_localization/local_setup.sh
[1.626s] -- Installing: /home/v120506/rmitbot_v3/lesson4_ws/install/rmitbot_localization/share/rmitbot_localization/local_setup.zsh
[1.627s] -- Installing: /home/v120506/rmitbot_v3/lesson4_ws/install/rmitbot_localization/share/rmitbot_localization/local_setup.dsv
[1.627s] -- Installing: /home/v120506/rmitbot_v3/lesson4_ws/install/rmitbot_localization/share/rmitbot_localization/package.dsv
[1.627s] -- Installing: /home/v120506/rmitbot_v3/lesson4_ws/install/rmitbot_localization/share/ament_index/resource_index/packages/rmitbot_localization
[1.628s] -- Installing: /home/v120506/rmitbot_v3/lesson4_ws/install/rmitbot_localization/share/rmitbot_localization/cmake/rmitbot_localizationConfig.cmake
[1.628s] -- Installing: /home/v120506/rmitbot_v3/lesson4_ws/install/rmitbot_localization/share/rmitbot_localization/cmake/rmitbot_localizationConfig-version.cmake
[1.628s] -- Installing: /home/v120506/rmitbot_v3/lesson4_ws/install/rmitbot_localization/share/rmitbot_localization/package.xml
[1.632s] Invoked command in '/home/v120506/rmitbot_v3/lesson4_ws/build/rmitbot_localization' returned '0': CMAKE_PREFIX_PATH=${CMAKE_PREFIX_PATH}:/opt/ros/jazzy DEBUGINFOD_URLS=https://debuginfod.ubuntu.com /usr/bin/cmake --install /home/v120506/rmitbot_v3/lesson4_ws/build/rmitbot_localization
